[2015-04-26 22:00:01] request.INFO: Matched route "bdtln_project_add_axe_in_project" (parameters: "_controller": "Bdtln\ProjectBundle\Controller\ProjectController::add_axe_in_projectAction", "slug": "a-first-project", "_route": "bdtln_project_add_axe_in_project") [] []
[2015-04-26 22:00:01] security.DEBUG: Read SecurityContext from the session [] []
[2015-04-26 22:00:01] security.DEBUG: Reloading user from user provider. [] []
[2015-04-26 22:00:01] security.DEBUG: Username "anthonybocci" was reloaded from user provider. [] []
[2015-04-26 22:00:01] security.INFO: No expression found; abstaining from voting. [] []
[2015-04-26 22:00:01] security.DEBUG: Access is denied (and user is neither anonymous, nor remember-me) by "/var/www/html/autres/BDTLN/vendor/jms/security-extra-bundle/JMS/SecurityExtraBundle/Security/Authorization/Interception/MethodSecurityInterceptor.php" at line 93 [] []
[2015-04-26 22:00:01] request.ERROR: Uncaught PHP Exception Symfony\Component\HttpKernel\Exception\AccessDeniedHttpException: "Token does not have the required roles." at /var/www/html/autres/BDTLN/vendor/symfony/symfony/src/Symfony/Component/Security/Http/Firewall/ExceptionListener.php line 117 {"exception":"[object] (Symfony\\Component\\HttpKernel\\Exception\\AccessDeniedHttpException(code: 0): Token does not have the required roles. at /var/www/html/autres/BDTLN/vendor/symfony/symfony/src/Symfony/Component/Security/Http/Firewall/ExceptionListener.php:117, Symfony\\Component\\Security\\Core\\Exception\\AccessDeniedException(code: 403): Token does not have the required roles. at /var/www/html/autres/BDTLN/vendor/jms/security-extra-bundle/JMS/SecurityExtraBundle/Security/Authorization/Interception/MethodSecurityInterceptor.php:93)"} []
[2015-04-26 22:00:01] security.DEBUG: Write SecurityContext in the session [] []
[2015-04-26 22:00:16] request.INFO: Matched route "bdtln_project_add_axe_in_project" (parameters: "_controller": "Bdtln\ProjectBundle\Controller\ProjectController::add_axe_in_projectAction", "slug": "a-first-project", "_route": "bdtln_project_add_axe_in_project") [] []
[2015-04-26 22:00:16] security.DEBUG: Read SecurityContext from the session [] []
[2015-04-26 22:00:16] security.DEBUG: Reloading user from user provider. [] []
[2015-04-26 22:00:16] security.DEBUG: Username "anthonybocci" was reloaded from user provider. [] []
[2015-04-26 22:00:16] security.INFO: No expression found; abstaining from voting. [] []
[2015-04-26 22:00:16] security.DEBUG: Access is denied (and user is neither anonymous, nor remember-me) by "/var/www/html/autres/BDTLN/vendor/jms/security-extra-bundle/JMS/SecurityExtraBundle/Security/Authorization/Interception/MethodSecurityInterceptor.php" at line 93 [] []
[2015-04-26 22:00:16] request.ERROR: Uncaught PHP Exception Symfony\Component\HttpKernel\Exception\AccessDeniedHttpException: "Token does not have the required roles." at /var/www/html/autres/BDTLN/vendor/symfony/symfony/src/Symfony/Component/Security/Http/Firewall/ExceptionListener.php line 117 {"exception":"[object] (Symfony\\Component\\HttpKernel\\Exception\\AccessDeniedHttpException(code: 0): Token does not have the required roles. at /var/www/html/autres/BDTLN/vendor/symfony/symfony/src/Symfony/Component/Security/Http/Firewall/ExceptionListener.php:117, Symfony\\Component\\Security\\Core\\Exception\\AccessDeniedException(code: 403): Token does not have the required roles. at /var/www/html/autres/BDTLN/vendor/jms/security-extra-bundle/JMS/SecurityExtraBundle/Security/Authorization/Interception/MethodSecurityInterceptor.php:93)"} []
[2015-04-26 22:00:16] security.DEBUG: Write SecurityContext in the session [] []
[2015-04-26 22:00:17] request.INFO: Matched route "bdtln_project_add_axe_in_project" (parameters: "_controller": "Bdtln\ProjectBundle\Controller\ProjectController::add_axe_in_projectAction", "slug": "a-first-project", "_route": "bdtln_project_add_axe_in_project") [] []
[2015-04-26 22:00:17] security.DEBUG: Read SecurityContext from the session [] []
[2015-04-26 22:00:17] security.DEBUG: Reloading user from user provider. [] []
[2015-04-26 22:00:17] security.DEBUG: Username "anthonybocci" was reloaded from user provider. [] []
[2015-04-26 22:00:17] security.INFO: No expression found; abstaining from voting. [] []
[2015-04-26 22:00:17] security.DEBUG: Access is denied (and user is neither anonymous, nor remember-me) by "/var/www/html/autres/BDTLN/vendor/jms/security-extra-bundle/JMS/SecurityExtraBundle/Security/Authorization/Interception/MethodSecurityInterceptor.php" at line 93 [] []
[2015-04-26 22:00:17] request.ERROR: Uncaught PHP Exception Symfony\Component\HttpKernel\Exception\AccessDeniedHttpException: "Token does not have the required roles." at /var/www/html/autres/BDTLN/vendor/symfony/symfony/src/Symfony/Component/Security/Http/Firewall/ExceptionListener.php line 117 {"exception":"[object] (Symfony\\Component\\HttpKernel\\Exception\\AccessDeniedHttpException(code: 0): Token does not have the required roles. at /var/www/html/autres/BDTLN/vendor/symfony/symfony/src/Symfony/Component/Security/Http/Firewall/ExceptionListener.php:117, Symfony\\Component\\Security\\Core\\Exception\\AccessDeniedException(code: 403): Token does not have the required roles. at /var/www/html/autres/BDTLN/vendor/jms/security-extra-bundle/JMS/SecurityExtraBundle/Security/Authorization/Interception/MethodSecurityInterceptor.php:93)"} []
[2015-04-26 22:00:17] security.DEBUG: Write SecurityContext in the session [] []
[2015-04-26 22:00:17] request.INFO: Matched route "bdtln_project_add_axe_in_project" (parameters: "_controller": "Bdtln\ProjectBundle\Controller\ProjectController::add_axe_in_projectAction", "slug": "a-first-project", "_route": "bdtln_project_add_axe_in_project") [] []
[2015-04-26 22:00:17] security.DEBUG: Read SecurityContext from the session [] []
[2015-04-26 22:00:17] security.DEBUG: Reloading user from user provider. [] []
[2015-04-26 22:00:17] security.DEBUG: Username "anthonybocci" was reloaded from user provider. [] []
[2015-04-26 22:00:17] security.INFO: No expression found; abstaining from voting. [] []
[2015-04-26 22:00:17] security.DEBUG: Access is denied (and user is neither anonymous, nor remember-me) by "/var/www/html/autres/BDTLN/vendor/jms/security-extra-bundle/JMS/SecurityExtraBundle/Security/Authorization/Interception/MethodSecurityInterceptor.php" at line 93 [] []
[2015-04-26 22:00:17] request.ERROR: Uncaught PHP Exception Symfony\Component\HttpKernel\Exception\AccessDeniedHttpException: "Token does not have the required roles." at /var/www/html/autres/BDTLN/vendor/symfony/symfony/src/Symfony/Component/Security/Http/Firewall/ExceptionListener.php line 117 {"exception":"[object] (Symfony\\Component\\HttpKernel\\Exception\\AccessDeniedHttpException(code: 0): Token does not have the required roles. at /var/www/html/autres/BDTLN/vendor/symfony/symfony/src/Symfony/Component/Security/Http/Firewall/ExceptionListener.php:117, Symfony\\Component\\Security\\Core\\Exception\\AccessDeniedException(code: 403): Token does not have the required roles. at /var/www/html/autres/BDTLN/vendor/jms/security-extra-bundle/JMS/SecurityExtraBundle/Security/Authorization/Interception/MethodSecurityInterceptor.php:93)"} []
[2015-04-26 22:00:17] security.DEBUG: Write SecurityContext in the session [] []
[2015-04-26 22:00:17] request.INFO: Matched route "bdtln_project_add_axe_in_project" (parameters: "_controller": "Bdtln\ProjectBundle\Controller\ProjectController::add_axe_in_projectAction", "slug": "a-first-project", "_route": "bdtln_project_add_axe_in_project") [] []
[2015-04-26 22:00:17] security.DEBUG: Read SecurityContext from the session [] []
[2015-04-26 22:00:17] security.DEBUG: Reloading user from user provider. [] []
[2015-04-26 22:00:17] security.DEBUG: Username "anthonybocci" was reloaded from user provider. [] []
[2015-04-26 22:00:17] security.INFO: No expression found; abstaining from voting. [] []
[2015-04-26 22:00:17] security.DEBUG: Access is denied (and user is neither anonymous, nor remember-me) by "/var/www/html/autres/BDTLN/vendor/jms/security-extra-bundle/JMS/SecurityExtraBundle/Security/Authorization/Interception/MethodSecurityInterceptor.php" at line 93 [] []
[2015-04-26 22:00:17] request.ERROR: Uncaught PHP Exception Symfony\Component\HttpKernel\Exception\AccessDeniedHttpException: "Token does not have the required roles." at /var/www/html/autres/BDTLN/vendor/symfony/symfony/src/Symfony/Component/Security/Http/Firewall/ExceptionListener.php line 117 {"exception":"[object] (Symfony\\Component\\HttpKernel\\Exception\\AccessDeniedHttpException(code: 0): Token does not have the required roles. at /var/www/html/autres/BDTLN/vendor/symfony/symfony/src/Symfony/Component/Security/Http/Firewall/ExceptionListener.php:117, Symfony\\Component\\Security\\Core\\Exception\\AccessDeniedException(code: 403): Token does not have the required roles. at /var/www/html/autres/BDTLN/vendor/jms/security-extra-bundle/JMS/SecurityExtraBundle/Security/Authorization/Interception/MethodSecurityInterceptor.php:93)"} []
[2015-04-26 22:00:17] security.DEBUG: Write SecurityContext in the session [] []
[2015-04-26 22:00:54] request.INFO: Matched route "bdtln_project_add_axe_in_project" (parameters: "_controller": "Bdtln\ProjectBundle\Controller\ProjectController::add_axe_in_projectAction", "slug": "a-first-project", "_route": "bdtln_project_add_axe_in_project") [] []
[2015-04-26 22:00:54] security.DEBUG: Read SecurityContext from the session [] []
[2015-04-26 22:00:54] security.DEBUG: Reloading user from user provider. [] []
[2015-04-26 22:00:54] security.DEBUG: Username "anthonybocci" was reloaded from user provider. [] []
[2015-04-26 22:00:54] security.INFO: No expression found; abstaining from voting. [] []
[2015-04-26 22:00:54] security.DEBUG: Access is denied (and user is neither anonymous, nor remember-me) by "/var/www/html/autres/BDTLN/vendor/jms/security-extra-bundle/JMS/SecurityExtraBundle/Security/Authorization/Interception/MethodSecurityInterceptor.php" at line 93 [] []
[2015-04-26 22:00:54] request.ERROR: Uncaught PHP Exception Symfony\Component\HttpKernel\Exception\AccessDeniedHttpException: "Token does not have the required roles." at /var/www/html/autres/BDTLN/vendor/symfony/symfony/src/Symfony/Component/Security/Http/Firewall/ExceptionListener.php line 117 {"exception":"[object] (Symfony\\Component\\HttpKernel\\Exception\\AccessDeniedHttpException(code: 0): Token does not have the required roles. at /var/www/html/autres/BDTLN/vendor/symfony/symfony/src/Symfony/Component/Security/Http/Firewall/ExceptionListener.php:117, Symfony\\Component\\Security\\Core\\Exception\\AccessDeniedException(code: 403): Token does not have the required roles. at /var/www/html/autres/BDTLN/vendor/jms/security-extra-bundle/JMS/SecurityExtraBundle/Security/Authorization/Interception/MethodSecurityInterceptor.php:93)"} []
[2015-04-26 22:00:54] security.DEBUG: Write SecurityContext in the session [] []
[2015-04-26 22:00:55] request.INFO: Matched route "bdtln_project_add_axe_in_project" (parameters: "_controller": "Bdtln\ProjectBundle\Controller\ProjectController::add_axe_in_projectAction", "slug": "a-first-project", "_route": "bdtln_project_add_axe_in_project") [] []
[2015-04-26 22:00:55] security.DEBUG: Read SecurityContext from the session [] []
[2015-04-26 22:00:55] security.DEBUG: Reloading user from user provider. [] []
[2015-04-26 22:00:55] security.DEBUG: Username "anthonybocci" was reloaded from user provider. [] []
[2015-04-26 22:00:55] security.INFO: No expression found; abstaining from voting. [] []
[2015-04-26 22:00:55] security.DEBUG: Access is denied (and user is neither anonymous, nor remember-me) by "/var/www/html/autres/BDTLN/vendor/jms/security-extra-bundle/JMS/SecurityExtraBundle/Security/Authorization/Interception/MethodSecurityInterceptor.php" at line 93 [] []
[2015-04-26 22:00:55] request.ERROR: Uncaught PHP Exception Symfony\Component\HttpKernel\Exception\AccessDeniedHttpException: "Token does not have the required roles." at /var/www/html/autres/BDTLN/vendor/symfony/symfony/src/Symfony/Component/Security/Http/Firewall/ExceptionListener.php line 117 {"exception":"[object] (Symfony\\Component\\HttpKernel\\Exception\\AccessDeniedHttpException(code: 0): Token does not have the required roles. at /var/www/html/autres/BDTLN/vendor/symfony/symfony/src/Symfony/Component/Security/Http/Firewall/ExceptionListener.php:117, Symfony\\Component\\Security\\Core\\Exception\\AccessDeniedException(code: 403): Token does not have the required roles. at /var/www/html/autres/BDTLN/vendor/jms/security-extra-bundle/JMS/SecurityExtraBundle/Security/Authorization/Interception/MethodSecurityInterceptor.php:93)"} []
[2015-04-26 22:00:55] security.DEBUG: Write SecurityContext in the session [] []
[2015-04-26 22:00:55] request.INFO: Matched route "bdtln_project_add_axe_in_project" (parameters: "_controller": "Bdtln\ProjectBundle\Controller\ProjectController::add_axe_in_projectAction", "slug": "a-first-project", "_route": "bdtln_project_add_axe_in_project") [] []
[2015-04-26 22:00:55] security.DEBUG: Read SecurityContext from the session [] []
[2015-04-26 22:00:55] security.DEBUG: Reloading user from user provider. [] []
[2015-04-26 22:00:55] security.DEBUG: Username "anthonybocci" was reloaded from user provider. [] []
[2015-04-26 22:00:55] security.INFO: No expression found; abstaining from voting. [] []
[2015-04-26 22:00:55] security.DEBUG: Access is denied (and user is neither anonymous, nor remember-me) by "/var/www/html/autres/BDTLN/vendor/jms/security-extra-bundle/JMS/SecurityExtraBundle/Security/Authorization/Interception/MethodSecurityInterceptor.php" at line 93 [] []
[2015-04-26 22:00:55] request.ERROR: Uncaught PHP Exception Symfony\Component\HttpKernel\Exception\AccessDeniedHttpException: "Token does not have the required roles." at /var/www/html/autres/BDTLN/vendor/symfony/symfony/src/Symfony/Component/Security/Http/Firewall/ExceptionListener.php line 117 {"exception":"[object] (Symfony\\Component\\HttpKernel\\Exception\\AccessDeniedHttpException(code: 0): Token does not have the required roles. at /var/www/html/autres/BDTLN/vendor/symfony/symfony/src/Symfony/Component/Security/Http/Firewall/ExceptionListener.php:117, Symfony\\Component\\Security\\Core\\Exception\\AccessDeniedException(code: 403): Token does not have the required roles. at /var/www/html/autres/BDTLN/vendor/jms/security-extra-bundle/JMS/SecurityExtraBundle/Security/Authorization/Interception/MethodSecurityInterceptor.php:93)"} []
[2015-04-26 22:00:55] security.DEBUG: Write SecurityContext in the session [] []
[2015-04-26 22:01:03] request.INFO: Matched route "bdtln_project_add_axe_in_project" (parameters: "_controller": "Bdtln\ProjectBundle\Controller\ProjectController::add_axe_in_projectAction", "slug": "a-first-project", "_route": "bdtln_project_add_axe_in_project") [] []
[2015-04-26 22:01:03] security.DEBUG: Read SecurityContext from the session [] []
[2015-04-26 22:01:03] security.DEBUG: Reloading user from user provider. [] []
[2015-04-26 22:01:03] security.DEBUG: Username "anthonybocci" was reloaded from user provider. [] []
[2015-04-26 22:01:03] security.INFO: No expression found; abstaining from voting. [] []
[2015-04-26 22:01:03] security.DEBUG: Access is denied (and user is neither anonymous, nor remember-me) by "/var/www/html/autres/BDTLN/vendor/jms/security-extra-bundle/JMS/SecurityExtraBundle/Security/Authorization/Interception/MethodSecurityInterceptor.php" at line 93 [] []
[2015-04-26 22:01:03] request.ERROR: Uncaught PHP Exception Symfony\Component\HttpKernel\Exception\AccessDeniedHttpException: "Token does not have the required roles." at /var/www/html/autres/BDTLN/vendor/symfony/symfony/src/Symfony/Component/Security/Http/Firewall/ExceptionListener.php line 117 {"exception":"[object] (Symfony\\Component\\HttpKernel\\Exception\\AccessDeniedHttpException(code: 0): Token does not have the required roles. at /var/www/html/autres/BDTLN/vendor/symfony/symfony/src/Symfony/Component/Security/Http/Firewall/ExceptionListener.php:117, Symfony\\Component\\Security\\Core\\Exception\\AccessDeniedException(code: 403): Token does not have the required roles. at /var/www/html/autres/BDTLN/vendor/jms/security-extra-bundle/JMS/SecurityExtraBundle/Security/Authorization/Interception/MethodSecurityInterceptor.php:93)"} []
[2015-04-26 22:01:03] security.DEBUG: Write SecurityContext in the session [] []
[2015-04-26 22:01:03] request.INFO: Matched route "bdtln_project_add_axe_in_project" (parameters: "_controller": "Bdtln\ProjectBundle\Controller\ProjectController::add_axe_in_projectAction", "slug": "a-first-project", "_route": "bdtln_project_add_axe_in_project") [] []
[2015-04-26 22:01:03] security.DEBUG: Read SecurityContext from the session [] []
[2015-04-26 22:01:03] security.DEBUG: Reloading user from user provider. [] []
[2015-04-26 22:01:03] security.DEBUG: Username "anthonybocci" was reloaded from user provider. [] []
[2015-04-26 22:01:03] security.INFO: No expression found; abstaining from voting. [] []
[2015-04-26 22:01:03] security.DEBUG: Access is denied (and user is neither anonymous, nor remember-me) by "/var/www/html/autres/BDTLN/vendor/jms/security-extra-bundle/JMS/SecurityExtraBundle/Security/Authorization/Interception/MethodSecurityInterceptor.php" at line 93 [] []
[2015-04-26 22:01:03] request.ERROR: Uncaught PHP Exception Symfony\Component\HttpKernel\Exception\AccessDeniedHttpException: "Token does not have the required roles." at /var/www/html/autres/BDTLN/vendor/symfony/symfony/src/Symfony/Component/Security/Http/Firewall/ExceptionListener.php line 117 {"exception":"[object] (Symfony\\Component\\HttpKernel\\Exception\\AccessDeniedHttpException(code: 0): Token does not have the required roles. at /var/www/html/autres/BDTLN/vendor/symfony/symfony/src/Symfony/Component/Security/Http/Firewall/ExceptionListener.php:117, Symfony\\Component\\Security\\Core\\Exception\\AccessDeniedException(code: 403): Token does not have the required roles. at /var/www/html/autres/BDTLN/vendor/jms/security-extra-bundle/JMS/SecurityExtraBundle/Security/Authorization/Interception/MethodSecurityInterceptor.php:93)"} []
[2015-04-26 22:01:03] security.DEBUG: Write SecurityContext in the session [] []
[2015-04-26 22:01:04] request.INFO: Matched route "bdtln_project_add_axe_in_project" (parameters: "_controller": "Bdtln\ProjectBundle\Controller\ProjectController::add_axe_in_projectAction", "slug": "a-first-project", "_route": "bdtln_project_add_axe_in_project") [] []
[2015-04-26 22:01:04] security.DEBUG: Read SecurityContext from the session [] []
[2015-04-26 22:01:04] security.DEBUG: Reloading user from user provider. [] []
[2015-04-26 22:01:04] security.DEBUG: Username "anthonybocci" was reloaded from user provider. [] []
[2015-04-26 22:01:04] security.INFO: No expression found; abstaining from voting. [] []
[2015-04-26 22:01:04] security.DEBUG: Access is denied (and user is neither anonymous, nor remember-me) by "/var/www/html/autres/BDTLN/vendor/jms/security-extra-bundle/JMS/SecurityExtraBundle/Security/Authorization/Interception/MethodSecurityInterceptor.php" at line 93 [] []
[2015-04-26 22:01:04] request.ERROR: Uncaught PHP Exception Symfony\Component\HttpKernel\Exception\AccessDeniedHttpException: "Token does not have the required roles." at /var/www/html/autres/BDTLN/vendor/symfony/symfony/src/Symfony/Component/Security/Http/Firewall/ExceptionListener.php line 117 {"exception":"[object] (Symfony\\Component\\HttpKernel\\Exception\\AccessDeniedHttpException(code: 0): Token does not have the required roles. at /var/www/html/autres/BDTLN/vendor/symfony/symfony/src/Symfony/Component/Security/Http/Firewall/ExceptionListener.php:117, Symfony\\Component\\Security\\Core\\Exception\\AccessDeniedException(code: 403): Token does not have the required roles. at /var/www/html/autres/BDTLN/vendor/jms/security-extra-bundle/JMS/SecurityExtraBundle/Security/Authorization/Interception/MethodSecurityInterceptor.php:93)"} []
[2015-04-26 22:01:04] security.DEBUG: Write SecurityContext in the session [] []
[2015-04-26 22:01:18] request.INFO: Matched route "bdtln_project_add_axe_in_project" (parameters: "_controller": "Bdtln\ProjectBundle\Controller\ProjectController::add_axe_in_projectAction", "slug": "a-first-project", "_route": "bdtln_project_add_axe_in_project") [] []
[2015-04-26 22:01:18] security.DEBUG: Read SecurityContext from the session [] []
[2015-04-26 22:01:18] security.DEBUG: Reloading user from user provider. [] []
[2015-04-26 22:01:18] security.DEBUG: Username "anthonybocci" was reloaded from user provider. [] []
[2015-04-26 22:01:18] security.INFO: No expression found; abstaining from voting. [] []
[2015-04-26 22:01:18] security.DEBUG: Access is denied (and user is neither anonymous, nor remember-me) by "/var/www/html/autres/BDTLN/vendor/jms/security-extra-bundle/JMS/SecurityExtraBundle/Security/Authorization/Interception/MethodSecurityInterceptor.php" at line 93 [] []
[2015-04-26 22:01:18] request.ERROR: Uncaught PHP Exception Symfony\Component\HttpKernel\Exception\AccessDeniedHttpException: "Token does not have the required roles." at /var/www/html/autres/BDTLN/vendor/symfony/symfony/src/Symfony/Component/Security/Http/Firewall/ExceptionListener.php line 117 {"exception":"[object] (Symfony\\Component\\HttpKernel\\Exception\\AccessDeniedHttpException(code: 0): Token does not have the required roles. at /var/www/html/autres/BDTLN/vendor/symfony/symfony/src/Symfony/Component/Security/Http/Firewall/ExceptionListener.php:117, Symfony\\Component\\Security\\Core\\Exception\\AccessDeniedException(code: 403): Token does not have the required roles. at /var/www/html/autres/BDTLN/vendor/jms/security-extra-bundle/JMS/SecurityExtraBundle/Security/Authorization/Interception/MethodSecurityInterceptor.php:93)"} []
[2015-04-26 22:01:18] security.DEBUG: Write SecurityContext in the session [] []
[2015-04-26 22:02:17] request.INFO: Matched route "bdtln_project_add_axe_in_project" (parameters: "_controller": "Bdtln\ProjectBundle\Controller\ProjectController::add_axe_in_projectAction", "slug": "a-first-project", "_route": "bdtln_project_add_axe_in_project") [] []
[2015-04-26 22:02:17] security.DEBUG: Read SecurityContext from the session [] []
[2015-04-26 22:02:17] security.DEBUG: Reloading user from user provider. [] []
[2015-04-26 22:02:17] security.DEBUG: Username "anthonybocci" was reloaded from user provider. [] []
[2015-04-26 22:02:17] security.INFO: No expression found; abstaining from voting. [] []
[2015-04-26 22:02:17] security.DEBUG: Access is denied (and user is neither anonymous, nor remember-me) by "/var/www/html/autres/BDTLN/vendor/jms/security-extra-bundle/JMS/SecurityExtraBundle/Security/Authorization/Interception/MethodSecurityInterceptor.php" at line 93 [] []
[2015-04-26 22:02:17] request.ERROR: Uncaught PHP Exception Symfony\Component\HttpKernel\Exception\AccessDeniedHttpException: "Token does not have the required roles." at /var/www/html/autres/BDTLN/vendor/symfony/symfony/src/Symfony/Component/Security/Http/Firewall/ExceptionListener.php line 117 {"exception":"[object] (Symfony\\Component\\HttpKernel\\Exception\\AccessDeniedHttpException(code: 0): Token does not have the required roles. at /var/www/html/autres/BDTLN/vendor/symfony/symfony/src/Symfony/Component/Security/Http/Firewall/ExceptionListener.php:117, Symfony\\Component\\Security\\Core\\Exception\\AccessDeniedException(code: 403): Token does not have the required roles. at /var/www/html/autres/BDTLN/vendor/jms/security-extra-bundle/JMS/SecurityExtraBundle/Security/Authorization/Interception/MethodSecurityInterceptor.php:93)"} []
[2015-04-26 22:02:17] security.DEBUG: Write SecurityContext in the session [] []
[2015-04-26 22:02:17] request.INFO: Matched route "bdtln_project_add_axe_in_project" (parameters: "_controller": "Bdtln\ProjectBundle\Controller\ProjectController::add_axe_in_projectAction", "slug": "a-first-project", "_route": "bdtln_project_add_axe_in_project") [] []
[2015-04-26 22:02:17] security.DEBUG: Read SecurityContext from the session [] []
[2015-04-26 22:02:17] security.DEBUG: Reloading user from user provider. [] []
[2015-04-26 22:02:17] security.DEBUG: Username "anthonybocci" was reloaded from user provider. [] []
[2015-04-26 22:02:17] security.INFO: No expression found; abstaining from voting. [] []
[2015-04-26 22:02:17] security.DEBUG: Access is denied (and user is neither anonymous, nor remember-me) by "/var/www/html/autres/BDTLN/vendor/jms/security-extra-bundle/JMS/SecurityExtraBundle/Security/Authorization/Interception/MethodSecurityInterceptor.php" at line 93 [] []
[2015-04-26 22:02:17] request.ERROR: Uncaught PHP Exception Symfony\Component\HttpKernel\Exception\AccessDeniedHttpException: "Token does not have the required roles." at /var/www/html/autres/BDTLN/vendor/symfony/symfony/src/Symfony/Component/Security/Http/Firewall/ExceptionListener.php line 117 {"exception":"[object] (Symfony\\Component\\HttpKernel\\Exception\\AccessDeniedHttpException(code: 0): Token does not have the required roles. at /var/www/html/autres/BDTLN/vendor/symfony/symfony/src/Symfony/Component/Security/Http/Firewall/ExceptionListener.php:117, Symfony\\Component\\Security\\Core\\Exception\\AccessDeniedException(code: 403): Token does not have the required roles. at /var/www/html/autres/BDTLN/vendor/jms/security-extra-bundle/JMS/SecurityExtraBundle/Security/Authorization/Interception/MethodSecurityInterceptor.php:93)"} []
[2015-04-26 22:02:17] security.DEBUG: Write SecurityContext in the session [] []
[2015-04-26 22:02:18] request.INFO: Matched route "bdtln_project_add_axe_in_project" (parameters: "_controller": "Bdtln\ProjectBundle\Controller\ProjectController::add_axe_in_projectAction", "slug": "a-first-project", "_route": "bdtln_project_add_axe_in_project") [] []
[2015-04-26 22:02:18] security.DEBUG: Read SecurityContext from the session [] []
[2015-04-26 22:02:18] security.DEBUG: Reloading user from user provider. [] []
[2015-04-26 22:02:18] security.DEBUG: Username "anthonybocci" was reloaded from user provider. [] []
[2015-04-26 22:02:18] security.INFO: No expression found; abstaining from voting. [] []
[2015-04-26 22:02:18] security.DEBUG: Access is denied (and user is neither anonymous, nor remember-me) by "/var/www/html/autres/BDTLN/vendor/jms/security-extra-bundle/JMS/SecurityExtraBundle/Security/Authorization/Interception/MethodSecurityInterceptor.php" at line 93 [] []
[2015-04-26 22:02:18] request.ERROR: Uncaught PHP Exception Symfony\Component\HttpKernel\Exception\AccessDeniedHttpException: "Token does not have the required roles." at /var/www/html/autres/BDTLN/vendor/symfony/symfony/src/Symfony/Component/Security/Http/Firewall/ExceptionListener.php line 117 {"exception":"[object] (Symfony\\Component\\HttpKernel\\Exception\\AccessDeniedHttpException(code: 0): Token does not have the required roles. at /var/www/html/autres/BDTLN/vendor/symfony/symfony/src/Symfony/Component/Security/Http/Firewall/ExceptionListener.php:117, Symfony\\Component\\Security\\Core\\Exception\\AccessDeniedException(code: 403): Token does not have the required roles. at /var/www/html/autres/BDTLN/vendor/jms/security-extra-bundle/JMS/SecurityExtraBundle/Security/Authorization/Interception/MethodSecurityInterceptor.php:93)"} []
[2015-04-26 22:02:18] security.DEBUG: Write SecurityContext in the session [] []
[2015-04-26 22:02:18] request.INFO: Matched route "bdtln_project_add_axe_in_project" (parameters: "_controller": "Bdtln\ProjectBundle\Controller\ProjectController::add_axe_in_projectAction", "slug": "a-first-project", "_route": "bdtln_project_add_axe_in_project") [] []
[2015-04-26 22:02:18] security.DEBUG: Read SecurityContext from the session [] []
[2015-04-26 22:02:18] security.DEBUG: Reloading user from user provider. [] []
[2015-04-26 22:02:18] security.DEBUG: Username "anthonybocci" was reloaded from user provider. [] []
[2015-04-26 22:02:18] security.INFO: No expression found; abstaining from voting. [] []
[2015-04-26 22:02:18] security.DEBUG: Access is denied (and user is neither anonymous, nor remember-me) by "/var/www/html/autres/BDTLN/vendor/jms/security-extra-bundle/JMS/SecurityExtraBundle/Security/Authorization/Interception/MethodSecurityInterceptor.php" at line 93 [] []
[2015-04-26 22:02:18] request.ERROR: Uncaught PHP Exception Symfony\Component\HttpKernel\Exception\AccessDeniedHttpException: "Token does not have the required roles." at /var/www/html/autres/BDTLN/vendor/symfony/symfony/src/Symfony/Component/Security/Http/Firewall/ExceptionListener.php line 117 {"exception":"[object] (Symfony\\Component\\HttpKernel\\Exception\\AccessDeniedHttpException(code: 0): Token does not have the required roles. at /var/www/html/autres/BDTLN/vendor/symfony/symfony/src/Symfony/Component/Security/Http/Firewall/ExceptionListener.php:117, Symfony\\Component\\Security\\Core\\Exception\\AccessDeniedException(code: 403): Token does not have the required roles. at /var/www/html/autres/BDTLN/vendor/jms/security-extra-bundle/JMS/SecurityExtraBundle/Security/Authorization/Interception/MethodSecurityInterceptor.php:93)"} []
[2015-04-26 22:02:18] security.DEBUG: Write SecurityContext in the session [] []
[2015-04-26 22:02:18] request.INFO: Matched route "bdtln_project_add_axe_in_project" (parameters: "_controller": "Bdtln\ProjectBundle\Controller\ProjectController::add_axe_in_projectAction", "slug": "a-first-project", "_route": "bdtln_project_add_axe_in_project") [] []
[2015-04-26 22:02:18] security.DEBUG: Read SecurityContext from the session [] []
[2015-04-26 22:02:18] security.DEBUG: Reloading user from user provider. [] []
[2015-04-26 22:02:18] security.DEBUG: Username "anthonybocci" was reloaded from user provider. [] []
[2015-04-26 22:02:18] security.INFO: No expression found; abstaining from voting. [] []
[2015-04-26 22:02:18] security.DEBUG: Access is denied (and user is neither anonymous, nor remember-me) by "/var/www/html/autres/BDTLN/vendor/jms/security-extra-bundle/JMS/SecurityExtraBundle/Security/Authorization/Interception/MethodSecurityInterceptor.php" at line 93 [] []
[2015-04-26 22:02:18] request.ERROR: Uncaught PHP Exception Symfony\Component\HttpKernel\Exception\AccessDeniedHttpException: "Token does not have the required roles." at /var/www/html/autres/BDTLN/vendor/symfony/symfony/src/Symfony/Component/Security/Http/Firewall/ExceptionListener.php line 117 {"exception":"[object] (Symfony\\Component\\HttpKernel\\Exception\\AccessDeniedHttpException(code: 0): Token does not have the required roles. at /var/www/html/autres/BDTLN/vendor/symfony/symfony/src/Symfony/Component/Security/Http/Firewall/ExceptionListener.php:117, Symfony\\Component\\Security\\Core\\Exception\\AccessDeniedException(code: 403): Token does not have the required roles. at /var/www/html/autres/BDTLN/vendor/jms/security-extra-bundle/JMS/SecurityExtraBundle/Security/Authorization/Interception/MethodSecurityInterceptor.php:93)"} []
[2015-04-26 22:02:18] security.DEBUG: Write SecurityContext in the session [] []
[2015-04-26 22:02:18] request.INFO: Matched route "bdtln_project_add_axe_in_project" (parameters: "_controller": "Bdtln\ProjectBundle\Controller\ProjectController::add_axe_in_projectAction", "slug": "a-first-project", "_route": "bdtln_project_add_axe_in_project") [] []
[2015-04-26 22:02:18] security.DEBUG: Read SecurityContext from the session [] []
[2015-04-26 22:02:18] security.DEBUG: Reloading user from user provider. [] []
[2015-04-26 22:02:18] security.DEBUG: Username "anthonybocci" was reloaded from user provider. [] []
[2015-04-26 22:02:18] security.INFO: No expression found; abstaining from voting. [] []
[2015-04-26 22:02:18] security.DEBUG: Access is denied (and user is neither anonymous, nor remember-me) by "/var/www/html/autres/BDTLN/vendor/jms/security-extra-bundle/JMS/SecurityExtraBundle/Security/Authorization/Interception/MethodSecurityInterceptor.php" at line 93 [] []
[2015-04-26 22:02:18] request.ERROR: Uncaught PHP Exception Symfony\Component\HttpKernel\Exception\AccessDeniedHttpException: "Token does not have the required roles." at /var/www/html/autres/BDTLN/vendor/symfony/symfony/src/Symfony/Component/Security/Http/Firewall/ExceptionListener.php line 117 {"exception":"[object] (Symfony\\Component\\HttpKernel\\Exception\\AccessDeniedHttpException(code: 0): Token does not have the required roles. at /var/www/html/autres/BDTLN/vendor/symfony/symfony/src/Symfony/Component/Security/Http/Firewall/ExceptionListener.php:117, Symfony\\Component\\Security\\Core\\Exception\\AccessDeniedException(code: 403): Token does not have the required roles. at /var/www/html/autres/BDTLN/vendor/jms/security-extra-bundle/JMS/SecurityExtraBundle/Security/Authorization/Interception/MethodSecurityInterceptor.php:93)"} []
[2015-04-26 22:02:18] security.DEBUG: Write SecurityContext in the session [] []
[2015-04-26 22:02:18] request.INFO: Matched route "bdtln_project_add_axe_in_project" (parameters: "_controller": "Bdtln\ProjectBundle\Controller\ProjectController::add_axe_in_projectAction", "slug": "a-first-project", "_route": "bdtln_project_add_axe_in_project") [] []
[2015-04-26 22:02:18] security.DEBUG: Read SecurityContext from the session [] []
[2015-04-26 22:02:18] security.DEBUG: Reloading user from user provider. [] []
[2015-04-26 22:02:18] security.DEBUG: Username "anthonybocci" was reloaded from user provider. [] []
[2015-04-26 22:02:18] security.INFO: No expression found; abstaining from voting. [] []
[2015-04-26 22:02:18] security.DEBUG: Access is denied (and user is neither anonymous, nor remember-me) by "/var/www/html/autres/BDTLN/vendor/jms/security-extra-bundle/JMS/SecurityExtraBundle/Security/Authorization/Interception/MethodSecurityInterceptor.php" at line 93 [] []
[2015-04-26 22:02:18] request.ERROR: Uncaught PHP Exception Symfony\Component\HttpKernel\Exception\AccessDeniedHttpException: "Token does not have the required roles." at /var/www/html/autres/BDTLN/vendor/symfony/symfony/src/Symfony/Component/Security/Http/Firewall/ExceptionListener.php line 117 {"exception":"[object] (Symfony\\Component\\HttpKernel\\Exception\\AccessDeniedHttpException(code: 0): Token does not have the required roles. at /var/www/html/autres/BDTLN/vendor/symfony/symfony/src/Symfony/Component/Security/Http/Firewall/ExceptionListener.php:117, Symfony\\Component\\Security\\Core\\Exception\\AccessDeniedException(code: 403): Token does not have the required roles. at /var/www/html/autres/BDTLN/vendor/jms/security-extra-bundle/JMS/SecurityExtraBundle/Security/Authorization/Interception/MethodSecurityInterceptor.php:93)"} []
[2015-04-26 22:02:18] security.DEBUG: Write SecurityContext in the session [] []
[2015-04-26 22:02:19] request.INFO: Matched route "bdtln_project_add_axe_in_project" (parameters: "_controller": "Bdtln\ProjectBundle\Controller\ProjectController::add_axe_in_projectAction", "slug": "a-first-project", "_route": "bdtln_project_add_axe_in_project") [] []
[2015-04-26 22:02:19] security.DEBUG: Read SecurityContext from the session [] []
[2015-04-26 22:02:19] security.DEBUG: Reloading user from user provider. [] []
[2015-04-26 22:02:19] security.DEBUG: Username "anthonybocci" was reloaded from user provider. [] []
[2015-04-26 22:02:19] security.INFO: No expression found; abstaining from voting. [] []
[2015-04-26 22:02:19] security.DEBUG: Access is denied (and user is neither anonymous, nor remember-me) by "/var/www/html/autres/BDTLN/vendor/jms/security-extra-bundle/JMS/SecurityExtraBundle/Security/Authorization/Interception/MethodSecurityInterceptor.php" at line 93 [] []
[2015-04-26 22:02:19] request.ERROR: Uncaught PHP Exception Symfony\Component\HttpKernel\Exception\AccessDeniedHttpException: "Token does not have the required roles." at /var/www/html/autres/BDTLN/vendor/symfony/symfony/src/Symfony/Component/Security/Http/Firewall/ExceptionListener.php line 117 {"exception":"[object] (Symfony\\Component\\HttpKernel\\Exception\\AccessDeniedHttpException(code: 0): Token does not have the required roles. at /var/www/html/autres/BDTLN/vendor/symfony/symfony/src/Symfony/Component/Security/Http/Firewall/ExceptionListener.php:117, Symfony\\Component\\Security\\Core\\Exception\\AccessDeniedException(code: 403): Token does not have the required roles. at /var/www/html/autres/BDTLN/vendor/jms/security-extra-bundle/JMS/SecurityExtraBundle/Security/Authorization/Interception/MethodSecurityInterceptor.php:93)"} []
[2015-04-26 22:02:19] security.DEBUG: Write SecurityContext in the session [] []
[2015-04-26 22:20:24] request.INFO: Matched route "bdtln_project_add_project" (parameters: "_controller": "Bdtln\ProjectBundle\Controller\ProjectController::add_projectAction", "_route": "bdtln_project_add_project") [] []
[2015-04-26 22:20:24] security.DEBUG: Read SecurityContext from the session [] []
[2015-04-26 22:20:24] security.DEBUG: Reloading user from user provider. [] []
[2015-04-26 22:20:24] security.DEBUG: Username "anthonybocci" was reloaded from user provider. [] []
[2015-04-26 22:20:24] security.INFO: No expression found; abstaining from voting. [] []
[2015-04-26 22:20:24] security.DEBUG: Access is denied (and user is neither anonymous, nor remember-me) by "/var/www/html/autres/BDTLN/vendor/jms/security-extra-bundle/JMS/SecurityExtraBundle/Security/Authorization/Interception/MethodSecurityInterceptor.php" at line 93 [] []
[2015-04-26 22:20:24] request.ERROR: Uncaught PHP Exception Symfony\Component\HttpKernel\Exception\AccessDeniedHttpException: "Token does not have the required roles." at /var/www/html/autres/BDTLN/vendor/symfony/symfony/src/Symfony/Component/Security/Http/Firewall/ExceptionListener.php line 117 {"exception":"[object] (Symfony\\Component\\HttpKernel\\Exception\\AccessDeniedHttpException(code: 0): Token does not have the required roles. at /var/www/html/autres/BDTLN/vendor/symfony/symfony/src/Symfony/Component/Security/Http/Firewall/ExceptionListener.php:117, Symfony\\Component\\Security\\Core\\Exception\\AccessDeniedException(code: 403): Token does not have the required roles. at /var/www/html/autres/BDTLN/vendor/jms/security-extra-bundle/JMS/SecurityExtraBundle/Security/Authorization/Interception/MethodSecurityInterceptor.php:93)"} []
[2015-04-26 22:20:24] security.DEBUG: Write SecurityContext in the session [] []
[2015-04-26 22:20:33] request.INFO: Matched route "bdtln_project_add_project" (parameters: "_controller": "Bdtln\ProjectBundle\Controller\ProjectController::add_projectAction", "_route": "bdtln_project_add_project") [] []
[2015-04-26 22:20:33] security.DEBUG: Read SecurityContext from the session [] []
[2015-04-26 22:20:33] security.DEBUG: Reloading user from user provider. [] []
[2015-04-26 22:20:33] security.DEBUG: Username "anthonybocci" was reloaded from user provider. [] []
[2015-04-26 22:20:33] security.INFO: No expression found; abstaining from voting. [] []
[2015-04-26 22:20:33] security.DEBUG: Access is denied (and user is neither anonymous, nor remember-me) by "/var/www/html/autres/BDTLN/vendor/jms/security-extra-bundle/JMS/SecurityExtraBundle/Security/Authorization/Interception/MethodSecurityInterceptor.php" at line 93 [] []
[2015-04-26 22:20:33] request.ERROR: Uncaught PHP Exception Symfony\Component\HttpKernel\Exception\AccessDeniedHttpException: "Token does not have the required roles." at /var/www/html/autres/BDTLN/vendor/symfony/symfony/src/Symfony/Component/Security/Http/Firewall/ExceptionListener.php line 117 {"exception":"[object] (Symfony\\Component\\HttpKernel\\Exception\\AccessDeniedHttpException(code: 0): Token does not have the required roles. at /var/www/html/autres/BDTLN/vendor/symfony/symfony/src/Symfony/Component/Security/Http/Firewall/ExceptionListener.php:117, Symfony\\Component\\Security\\Core\\Exception\\AccessDeniedException(code: 403): Token does not have the required roles. at /var/www/html/autres/BDTLN/vendor/jms/security-extra-bundle/JMS/SecurityExtraBundle/Security/Authorization/Interception/MethodSecurityInterceptor.php:93)"} []
[2015-04-26 22:20:33] security.DEBUG: Write SecurityContext in the session [] []
[2015-04-26 22:55:58] request.INFO: Matched route "bdtln_axe_homepage" (parameters: "_controller": "Bdtln\AxeBundle\Controller\AxeController::indexAction", "_route": "bdtln_axe_homepage") [] []
[2015-04-26 22:55:58] security.DEBUG: Read SecurityContext from the session [] []
[2015-04-26 22:55:58] security.DEBUG: Reloading user from user provider. [] []
[2015-04-26 22:55:58] request.CRITICAL: Uncaught PHP Exception Doctrine\DBAL\Exception\InvalidFieldNameException: "An exception occurred while executing 'SELECT t0.username AS username_1, t0.username_canonical AS username_canonical_2, t0.email AS email_3, t0.email_canonical AS email_canonical_4, t0.enabled AS enabled_5, t0.salt AS salt_6, t0.password AS password_7, t0.last_login AS last_login_8, t0.locked AS locked_9, t0.expired AS expired_10, t0.expires_at AS expires_at_11, t0.confirmation_token AS confirmation_token_12, t0.password_requested_at AS password_requested_at_13, t0.roles AS roles_14, t0.credentials_expired AS credentials_expired_15, t0.credentials_expire_at AS credentials_expire_at_16, t0.id AS id_17, t0.first_name AS first_name_18, t0.last_name AS last_name_19, t0.biography AS biography_20, t0.date_register AS date_register_21, t0.date_leaving AS date_leaving_22 FROM user t0 WHERE t0.id = ? LIMIT 1' with params [1]:  SQLSTATE[42S22]: Column not found: 1054 Unknown column 't0.first_name' in 'field list'" at /var/www/html/autres/BDTLN/vendor/doctrine/dbal/lib/Doctrine/DBAL/Driver/AbstractMySQLDriver.php line 71 {"exception":"[object] (Doctrine\\DBAL\\Exception\\InvalidFieldNameException(code: 0): An exception occurred while executing 'SELECT t0.username AS username_1, t0.username_canonical AS username_canonical_2, t0.email AS email_3, t0.email_canonical AS email_canonical_4, t0.enabled AS enabled_5, t0.salt AS salt_6, t0.password AS password_7, t0.last_login AS last_login_8, t0.locked AS locked_9, t0.expired AS expired_10, t0.expires_at AS expires_at_11, t0.confirmation_token AS confirmation_token_12, t0.password_requested_at AS password_requested_at_13, t0.roles AS roles_14, t0.credentials_expired AS credentials_expired_15, t0.credentials_expire_at AS credentials_expire_at_16, t0.id AS id_17, t0.first_name AS first_name_18, t0.last_name AS last_name_19, t0.biography AS biography_20, t0.date_register AS date_register_21, t0.date_leaving AS date_leaving_22 FROM user t0 WHERE t0.id = ? LIMIT 1' with params [1]:\n\nSQLSTATE[42S22]: Column not found: 1054 Unknown column 't0.first_name' in 'field list' at /var/www/html/autres/BDTLN/vendor/doctrine/dbal/lib/Doctrine/DBAL/Driver/AbstractMySQLDriver.php:71, Doctrine\\DBAL\\Driver\\PDOException(code: 42S22): SQLSTATE[42S22]: Column not found: 1054 Unknown column 't0.first_name' in 'field list' at /var/www/html/autres/BDTLN/vendor/doctrine/dbal/lib/Doctrine/DBAL/Driver/PDOStatement.php:93, PDOException(code: 42S22): SQLSTATE[42S22]: Column not found: 1054 Unknown column 't0.first_name' in 'field list' at /var/www/html/autres/BDTLN/vendor/doctrine/dbal/lib/Doctrine/DBAL/Driver/PDOStatement.php:91)"} []
[2015-04-26 22:55:58] security.DEBUG: Write SecurityContext in the session [] []
[2015-04-26 23:10:27] request.INFO: Matched route "bdtln_project_add_project" (parameters: "_controller": "Bdtln\ProjectBundle\Controller\ProjectController::add_projectAction", "_route": "bdtln_project_add_project") [] []
[2015-04-26 23:10:27] security.DEBUG: Read SecurityContext from the session [] []
[2015-04-26 23:10:27] security.DEBUG: Reloading user from user provider. [] []
[2015-04-26 23:10:27] security.DEBUG: Username "user" was reloaded from user provider. [] []
[2015-04-26 23:10:27] security.INFO: No expression found; abstaining from voting. [] []
[2015-04-26 23:10:27] security.DEBUG: Access is denied (and user is neither anonymous, nor remember-me) by "/var/www/html/autres/BDTLN/vendor/jms/security-extra-bundle/JMS/SecurityExtraBundle/Security/Authorization/Interception/MethodSecurityInterceptor.php" at line 93 [] []
[2015-04-26 23:10:27] request.ERROR: Uncaught PHP Exception Symfony\Component\HttpKernel\Exception\AccessDeniedHttpException: "Token does not have the required roles." at /var/www/html/autres/BDTLN/vendor/symfony/symfony/src/Symfony/Component/Security/Http/Firewall/ExceptionListener.php line 117 {"exception":"[object] (Symfony\\Component\\HttpKernel\\Exception\\AccessDeniedHttpException(code: 0): Token does not have the required roles. at /var/www/html/autres/BDTLN/vendor/symfony/symfony/src/Symfony/Component/Security/Http/Firewall/ExceptionListener.php:117, Symfony\\Component\\Security\\Core\\Exception\\AccessDeniedException(code: 403): Token does not have the required roles. at /var/www/html/autres/BDTLN/vendor/jms/security-extra-bundle/JMS/SecurityExtraBundle/Security/Authorization/Interception/MethodSecurityInterceptor.php:93)"} []
[2015-04-26 23:10:27] security.DEBUG: Write SecurityContext in the session [] []
[2015-04-27 12:29:02] request.INFO: Matched route "bdtln_project_add_project" (parameters: "_controller": "Bdtln\ProjectBundle\Controller\ProjectController::add_projectAction", "_route": "bdtln_project_add_project") [] []
[2015-04-27 12:29:03] security.DEBUG: Read SecurityContext from the session [] []
[2015-04-27 12:29:03] security.DEBUG: Reloading user from user provider. [] []
[2015-04-27 12:29:03] security.DEBUG: Username "user" was reloaded from user provider. [] []
[2015-04-27 12:29:03] security.INFO: No expression found; abstaining from voting. [] []
[2015-04-27 12:29:03] security.DEBUG: Access is denied (and user is neither anonymous, nor remember-me) by "/var/www/html/autres/BDTLN/vendor/jms/security-extra-bundle/JMS/SecurityExtraBundle/Security/Authorization/Interception/MethodSecurityInterceptor.php" at line 93 [] []
[2015-04-27 12:29:03] request.ERROR: Uncaught PHP Exception Symfony\Component\HttpKernel\Exception\AccessDeniedHttpException: "Token does not have the required roles." at /var/www/html/autres/BDTLN/vendor/symfony/symfony/src/Symfony/Component/Security/Http/Firewall/ExceptionListener.php line 117 {"exception":"[object] (Symfony\\Component\\HttpKernel\\Exception\\AccessDeniedHttpException(code: 0): Token does not have the required roles. at /var/www/html/autres/BDTLN/vendor/symfony/symfony/src/Symfony/Component/Security/Http/Firewall/ExceptionListener.php:117, Symfony\\Component\\Security\\Core\\Exception\\AccessDeniedException(code: 403): Token does not have the required roles. at /var/www/html/autres/BDTLN/vendor/jms/security-extra-bundle/JMS/SecurityExtraBundle/Security/Authorization/Interception/MethodSecurityInterceptor.php:93)"} []
[2015-04-27 12:29:03] security.DEBUG: Write SecurityContext in the session [] []
[2015-04-27 12:29:16] request.INFO: Matched route "bdtln_project_add_project" (parameters: "_controller": "Bdtln\ProjectBundle\Controller\ProjectController::add_projectAction", "_route": "bdtln_project_add_project") [] []
[2015-04-27 12:29:16] security.DEBUG: Read SecurityContext from the session [] []
[2015-04-27 12:29:16] security.DEBUG: Reloading user from user provider. [] []
[2015-04-27 12:29:16] security.DEBUG: Username "user" was reloaded from user provider. [] []
[2015-04-27 12:29:16] security.INFO: No expression found; abstaining from voting. [] []
[2015-04-27 12:29:16] security.DEBUG: Access is denied (and user is neither anonymous, nor remember-me) by "/var/www/html/autres/BDTLN/vendor/jms/security-extra-bundle/JMS/SecurityExtraBundle/Security/Authorization/Interception/MethodSecurityInterceptor.php" at line 93 [] []
[2015-04-27 12:29:16] request.ERROR: Uncaught PHP Exception Symfony\Component\HttpKernel\Exception\AccessDeniedHttpException: "Token does not have the required roles." at /var/www/html/autres/BDTLN/vendor/symfony/symfony/src/Symfony/Component/Security/Http/Firewall/ExceptionListener.php line 117 {"exception":"[object] (Symfony\\Component\\HttpKernel\\Exception\\AccessDeniedHttpException(code: 0): Token does not have the required roles. at /var/www/html/autres/BDTLN/vendor/symfony/symfony/src/Symfony/Component/Security/Http/Firewall/ExceptionListener.php:117, Symfony\\Component\\Security\\Core\\Exception\\AccessDeniedException(code: 403): Token does not have the required roles. at /var/www/html/autres/BDTLN/vendor/jms/security-extra-bundle/JMS/SecurityExtraBundle/Security/Authorization/Interception/MethodSecurityInterceptor.php:93)"} []
[2015-04-27 12:29:16] security.DEBUG: Write SecurityContext in the session [] []
[2015-04-27 12:29:29] request.INFO: Matched route "bdtln_project_add_axe_in_project" (parameters: "_controller": "Bdtln\ProjectBundle\Controller\ProjectController::add_axe_in_projectAction", "slug": "a-second-project", "_route": "bdtln_project_add_axe_in_project") [] []
[2015-04-27 12:29:29] security.DEBUG: Read SecurityContext from the session [] []
[2015-04-27 12:29:29] security.DEBUG: Reloading user from user provider. [] []
[2015-04-27 12:29:29] security.DEBUG: Username "user" was reloaded from user provider. [] []
[2015-04-27 12:29:29] security.INFO: No expression found; abstaining from voting. [] []
[2015-04-27 12:29:29] request.CRITICAL: Uncaught PHP Exception Doctrine\DBAL\Exception\TableNotFoundException: "An exception occurred while executing 'SELECT t0.username AS username_1, t0.username_canonical AS username_canonical_2, t0.email AS email_3, t0.email_canonical AS email_canonical_4, t0.enabled AS enabled_5, t0.salt AS salt_6, t0.password AS password_7, t0.last_login AS last_login_8, t0.locked AS locked_9, t0.expired AS expired_10, t0.expires_at AS expires_at_11, t0.confirmation_token AS confirmation_token_12, t0.password_requested_at AS password_requested_at_13, t0.roles AS roles_14, t0.credentials_expired AS credentials_expired_15, t0.credentials_expire_at AS credentials_expire_at_16, t0.id AS id_17, t0.first_name AS first_name_18, t0.last_name AS last_name_19, t0.french_biography AS french_biography_20, t0.english_biography AS english_biography_21, t0.date_register AS date_register_22, t0.date_leaving AS date_leaving_23 FROM user t0 INNER JOIN project_user ON t0.id = project_user.user_id WHERE project_user.project_id = ?' with params [54]:  SQLSTATE[42S02]: Base table or view not found: 1146 Table 'BDTLN.project_user' doesn't exist" at /var/www/html/autres/BDTLN/vendor/doctrine/dbal/lib/Doctrine/DBAL/Driver/AbstractMySQLDriver.php line 53 {"exception":"[object] (Doctrine\\DBAL\\Exception\\TableNotFoundException(code: 0): An exception occurred while executing 'SELECT t0.username AS username_1, t0.username_canonical AS username_canonical_2, t0.email AS email_3, t0.email_canonical AS email_canonical_4, t0.enabled AS enabled_5, t0.salt AS salt_6, t0.password AS password_7, t0.last_login AS last_login_8, t0.locked AS locked_9, t0.expired AS expired_10, t0.expires_at AS expires_at_11, t0.confirmation_token AS confirmation_token_12, t0.password_requested_at AS password_requested_at_13, t0.roles AS roles_14, t0.credentials_expired AS credentials_expired_15, t0.credentials_expire_at AS credentials_expire_at_16, t0.id AS id_17, t0.first_name AS first_name_18, t0.last_name AS last_name_19, t0.french_biography AS french_biography_20, t0.english_biography AS english_biography_21, t0.date_register AS date_register_22, t0.date_leaving AS date_leaving_23 FROM user t0 INNER JOIN project_user ON t0.id = project_user.user_id WHERE project_user.project_id = ?' with params [54]:\n\nSQLSTATE[42S02]: Base table or view not found: 1146 Table 'BDTLN.project_user' doesn't exist at /var/www/html/autres/BDTLN/vendor/doctrine/dbal/lib/Doctrine/DBAL/Driver/AbstractMySQLDriver.php:53, Doctrine\\DBAL\\Driver\\PDOException(code: 42S02): SQLSTATE[42S02]: Base table or view not found: 1146 Table 'BDTLN.project_user' doesn't exist at /var/www/html/autres/BDTLN/vendor/doctrine/dbal/lib/Doctrine/DBAL/Driver/PDOStatement.php:93, PDOException(code: 42S02): SQLSTATE[42S02]: Base table or view not found: 1146 Table 'BDTLN.project_user' doesn't exist at /var/www/html/autres/BDTLN/vendor/doctrine/dbal/lib/Doctrine/DBAL/Driver/PDOStatement.php:91)"} []
[2015-04-27 12:29:29] security.DEBUG: Write SecurityContext in the session [] []
[2015-04-27 12:30:16] request.INFO: Matched route "bdtln_project_add_axe_in_project" (parameters: "_controller": "Bdtln\ProjectBundle\Controller\ProjectController::add_axe_in_projectAction", "slug": "a-second-project", "_route": "bdtln_project_add_axe_in_project") [] []
[2015-04-27 12:30:16] security.DEBUG: Read SecurityContext from the session [] []
[2015-04-27 12:30:16] security.DEBUG: Reloading user from user provider. [] []
[2015-04-27 12:30:16] security.DEBUG: Username "user" was reloaded from user provider. [] []
[2015-04-27 12:30:16] security.INFO: No expression found; abstaining from voting. [] []
[2015-04-27 12:30:16] request.CRITICAL: Uncaught PHP Exception Doctrine\DBAL\Exception\TableNotFoundException: "An exception occurred while executing 'SELECT t0.username AS username_1, t0.username_canonical AS username_canonical_2, t0.email AS email_3, t0.email_canonical AS email_canonical_4, t0.enabled AS enabled_5, t0.salt AS salt_6, t0.password AS password_7, t0.last_login AS last_login_8, t0.locked AS locked_9, t0.expired AS expired_10, t0.expires_at AS expires_at_11, t0.confirmation_token AS confirmation_token_12, t0.password_requested_at AS password_requested_at_13, t0.roles AS roles_14, t0.credentials_expired AS credentials_expired_15, t0.credentials_expire_at AS credentials_expire_at_16, t0.id AS id_17, t0.first_name AS first_name_18, t0.last_name AS last_name_19, t0.french_biography AS french_biography_20, t0.english_biography AS english_biography_21, t0.date_register AS date_register_22, t0.date_leaving AS date_leaving_23 FROM user t0 INNER JOIN project_user ON t0.id = project_user.user_id WHERE project_user.project_id = ?' with params [54]:  SQLSTATE[42S02]: Base table or view not found: 1146 Table 'BDTLN.project_user' doesn't exist" at /var/www/html/autres/BDTLN/vendor/doctrine/dbal/lib/Doctrine/DBAL/Driver/AbstractMySQLDriver.php line 53 {"exception":"[object] (Doctrine\\DBAL\\Exception\\TableNotFoundException(code: 0): An exception occurred while executing 'SELECT t0.username AS username_1, t0.username_canonical AS username_canonical_2, t0.email AS email_3, t0.email_canonical AS email_canonical_4, t0.enabled AS enabled_5, t0.salt AS salt_6, t0.password AS password_7, t0.last_login AS last_login_8, t0.locked AS locked_9, t0.expired AS expired_10, t0.expires_at AS expires_at_11, t0.confirmation_token AS confirmation_token_12, t0.password_requested_at AS password_requested_at_13, t0.roles AS roles_14, t0.credentials_expired AS credentials_expired_15, t0.credentials_expire_at AS credentials_expire_at_16, t0.id AS id_17, t0.first_name AS first_name_18, t0.last_name AS last_name_19, t0.french_biography AS french_biography_20, t0.english_biography AS english_biography_21, t0.date_register AS date_register_22, t0.date_leaving AS date_leaving_23 FROM user t0 INNER JOIN project_user ON t0.id = project_user.user_id WHERE project_user.project_id = ?' with params [54]:\n\nSQLSTATE[42S02]: Base table or view not found: 1146 Table 'BDTLN.project_user' doesn't exist at /var/www/html/autres/BDTLN/vendor/doctrine/dbal/lib/Doctrine/DBAL/Driver/AbstractMySQLDriver.php:53, Doctrine\\DBAL\\Driver\\PDOException(code: 42S02): SQLSTATE[42S02]: Base table or view not found: 1146 Table 'BDTLN.project_user' doesn't exist at /var/www/html/autres/BDTLN/vendor/doctrine/dbal/lib/Doctrine/DBAL/Driver/PDOStatement.php:93, PDOException(code: 42S02): SQLSTATE[42S02]: Base table or view not found: 1146 Table 'BDTLN.project_user' doesn't exist at /var/www/html/autres/BDTLN/vendor/doctrine/dbal/lib/Doctrine/DBAL/Driver/PDOStatement.php:91)"} []
[2015-04-27 12:30:16] security.DEBUG: Write SecurityContext in the session [] []
[2015-04-27 12:30:23] request.INFO: Matched route "bdtln_project_add_project" (parameters: "_controller": "Bdtln\ProjectBundle\Controller\ProjectController::add_projectAction", "_route": "bdtln_project_add_project") [] []
[2015-04-27 12:30:23] security.DEBUG: Read SecurityContext from the session [] []
[2015-04-27 12:30:23] security.DEBUG: Reloading user from user provider. [] []
[2015-04-27 12:30:23] security.DEBUG: Username "user" was reloaded from user provider. [] []
[2015-04-27 12:30:23] security.INFO: No expression found; abstaining from voting. [] []
[2015-04-27 12:30:23] security.DEBUG: Access is denied (and user is neither anonymous, nor remember-me) by "/var/www/html/autres/BDTLN/vendor/jms/security-extra-bundle/JMS/SecurityExtraBundle/Security/Authorization/Interception/MethodSecurityInterceptor.php" at line 93 [] []
[2015-04-27 12:30:23] request.ERROR: Uncaught PHP Exception Symfony\Component\HttpKernel\Exception\AccessDeniedHttpException: "Token does not have the required roles." at /var/www/html/autres/BDTLN/vendor/symfony/symfony/src/Symfony/Component/Security/Http/Firewall/ExceptionListener.php line 117 {"exception":"[object] (Symfony\\Component\\HttpKernel\\Exception\\AccessDeniedHttpException(code: 0): Token does not have the required roles. at /var/www/html/autres/BDTLN/vendor/symfony/symfony/src/Symfony/Component/Security/Http/Firewall/ExceptionListener.php:117, Symfony\\Component\\Security\\Core\\Exception\\AccessDeniedException(code: 403): Token does not have the required roles. at /var/www/html/autres/BDTLN/vendor/jms/security-extra-bundle/JMS/SecurityExtraBundle/Security/Authorization/Interception/MethodSecurityInterceptor.php:93)"} []
[2015-04-27 12:30:23] security.DEBUG: Write SecurityContext in the session [] []
[2015-04-27 12:31:14] request.INFO: Matched route "bdtln_project_add_axe_in_project" (parameters: "_controller": "Bdtln\ProjectBundle\Controller\ProjectController::add_axe_in_projectAction", "slug": "a-second-project", "_route": "bdtln_project_add_axe_in_project") [] []
[2015-04-27 12:31:14] security.DEBUG: Read SecurityContext from the session [] []
[2015-04-27 12:31:14] security.DEBUG: Reloading user from user provider. [] []
[2015-04-27 12:31:14] security.DEBUG: Username "user" was reloaded from user provider. [] []
[2015-04-27 12:31:14] security.INFO: No expression found; abstaining from voting. [] []
[2015-04-27 12:31:14] request.CRITICAL: Uncaught PHP Exception Doctrine\DBAL\Exception\TableNotFoundException: "An exception occurred while executing 'SELECT t0.username AS username_1, t0.username_canonical AS username_canonical_2, t0.email AS email_3, t0.email_canonical AS email_canonical_4, t0.enabled AS enabled_5, t0.salt AS salt_6, t0.password AS password_7, t0.last_login AS last_login_8, t0.locked AS locked_9, t0.expired AS expired_10, t0.expires_at AS expires_at_11, t0.confirmation_token AS confirmation_token_12, t0.password_requested_at AS password_requested_at_13, t0.roles AS roles_14, t0.credentials_expired AS credentials_expired_15, t0.credentials_expire_at AS credentials_expire_at_16, t0.id AS id_17, t0.first_name AS first_name_18, t0.last_name AS last_name_19, t0.french_biography AS french_biography_20, t0.english_biography AS english_biography_21, t0.date_register AS date_register_22, t0.date_leaving AS date_leaving_23 FROM user t0 INNER JOIN project_user ON t0.id = project_user.user_id WHERE project_user.project_id = ?' with params [54]:  SQLSTATE[42S02]: Base table or view not found: 1146 Table 'BDTLN.project_user' doesn't exist" at /var/www/html/autres/BDTLN/vendor/doctrine/dbal/lib/Doctrine/DBAL/Driver/AbstractMySQLDriver.php line 53 {"exception":"[object] (Doctrine\\DBAL\\Exception\\TableNotFoundException(code: 0): An exception occurred while executing 'SELECT t0.username AS username_1, t0.username_canonical AS username_canonical_2, t0.email AS email_3, t0.email_canonical AS email_canonical_4, t0.enabled AS enabled_5, t0.salt AS salt_6, t0.password AS password_7, t0.last_login AS last_login_8, t0.locked AS locked_9, t0.expired AS expired_10, t0.expires_at AS expires_at_11, t0.confirmation_token AS confirmation_token_12, t0.password_requested_at AS password_requested_at_13, t0.roles AS roles_14, t0.credentials_expired AS credentials_expired_15, t0.credentials_expire_at AS credentials_expire_at_16, t0.id AS id_17, t0.first_name AS first_name_18, t0.last_name AS last_name_19, t0.french_biography AS french_biography_20, t0.english_biography AS english_biography_21, t0.date_register AS date_register_22, t0.date_leaving AS date_leaving_23 FROM user t0 INNER JOIN project_user ON t0.id = project_user.user_id WHERE project_user.project_id = ?' with params [54]:\n\nSQLSTATE[42S02]: Base table or view not found: 1146 Table 'BDTLN.project_user' doesn't exist at /var/www/html/autres/BDTLN/vendor/doctrine/dbal/lib/Doctrine/DBAL/Driver/AbstractMySQLDriver.php:53, Doctrine\\DBAL\\Driver\\PDOException(code: 42S02): SQLSTATE[42S02]: Base table or view not found: 1146 Table 'BDTLN.project_user' doesn't exist at /var/www/html/autres/BDTLN/vendor/doctrine/dbal/lib/Doctrine/DBAL/Driver/PDOStatement.php:93, PDOException(code: 42S02): SQLSTATE[42S02]: Base table or view not found: 1146 Table 'BDTLN.project_user' doesn't exist at /var/www/html/autres/BDTLN/vendor/doctrine/dbal/lib/Doctrine/DBAL/Driver/PDOStatement.php:91)"} []
[2015-04-27 12:31:15] security.DEBUG: Write SecurityContext in the session [] []
[2015-04-27 12:32:57] request.INFO: Matched route "bdtln_project_add_axe_in_project" (parameters: "_controller": "Bdtln\ProjectBundle\Controller\ProjectController::add_axe_in_projectAction", "slug": "a-second-project", "_route": "bdtln_project_add_axe_in_project") [] []
[2015-04-27 12:32:57] security.DEBUG: Read SecurityContext from the session [] []
[2015-04-27 12:32:57] security.DEBUG: Reloading user from user provider. [] []
[2015-04-27 12:32:57] security.DEBUG: Username "user" was reloaded from user provider. [] []
[2015-04-27 12:32:57] security.INFO: No expression found; abstaining from voting. [] []
[2015-04-27 12:32:57] request.ERROR: Uncaught PHP Exception Symfony\Component\HttpKernel\Exception\AccessDeniedHttpException: "Accs limit" at /var/www/html/autres/BDTLN/src/Bdtln/ProjectBundle/Controller/ProjectController.php line 89 {"exception":"[object] (Symfony\\Component\\HttpKernel\\Exception\\AccessDeniedHttpException(code: 0): Accs limit at /var/www/html/autres/BDTLN/src/Bdtln/ProjectBundle/Controller/ProjectController.php:89)"} []
[2015-04-27 12:32:57] security.DEBUG: Write SecurityContext in the session [] []
[2015-04-29 14:30:13] request.ERROR: Uncaught PHP Exception Symfony\Component\HttpKernel\Exception\NotFoundHttpException: "No route found for "GET /axe/display/mon-second-axe" (from "http://192.168.0.28/autres/BDTLN/web/axe/")" at /var/www/html/autres/BDTLN/vendor/symfony/symfony/src/Symfony/Component/HttpKernel/EventListener/RouterListener.php line 144 {"exception":"[object] (Symfony\\Component\\HttpKernel\\Exception\\NotFoundHttpException(code: 0): No route found for \"GET /axe/display/mon-second-axe\" (from \"http://192.168.0.28/autres/BDTLN/web/axe/\") at /var/www/html/autres/BDTLN/vendor/symfony/symfony/src/Symfony/Component/HttpKernel/EventListener/RouterListener.php:144, Symfony\\Component\\Routing\\Exception\\ResourceNotFoundException(code: 0):  at /var/www/html/autres/BDTLN/app/cache/prod/appProdUrlMatcher.php:321)"} []
[2015-04-29 14:30:17] request.ERROR: Uncaught PHP Exception Symfony\Component\HttpKernel\Exception\NotFoundHttpException: "No route found for "GET /axe/display/mon-second-axe" (from "http://192.168.0.28/autres/BDTLN/web/axe/")" at /var/www/html/autres/BDTLN/app/cache/prod/classes.php line 2419 {"exception":"[object] (Symfony\\Component\\HttpKernel\\Exception\\NotFoundHttpException(code: 0): No route found for \"GET /axe/display/mon-second-axe\" (from \"http://192.168.0.28/autres/BDTLN/web/axe/\") at /var/www/html/autres/BDTLN/app/cache/prod/classes.php:2419, Symfony\\Component\\Routing\\Exception\\ResourceNotFoundException(code: 0):  at /var/www/html/autres/BDTLN/app/cache/prod/appProdUrlMatcher.php:321)"} []
[2015-04-29 19:51:39] request.ERROR: Uncaught PHP Exception Symfony\Component\HttpKernel\Exception\NotFoundHttpException: "No route found for "GET /fr/"" at /var/www/html/autres/BDTLN/app/cache/prod/classes.php line 2419 {"exception":"[object] (Symfony\\Component\\HttpKernel\\Exception\\NotFoundHttpException(code: 0): No route found for \"GET /fr/\" at /var/www/html/autres/BDTLN/app/cache/prod/classes.php:2419, Symfony\\Component\\Routing\\Exception\\ResourceNotFoundException(code: 0):  at /var/www/html/autres/BDTLN/app/cache/prod/appProdUrlMatcher.php:321)"} []
[2015-04-29 19:51:41] request.ERROR: Uncaught PHP Exception Symfony\Component\HttpKernel\Exception\NotFoundHttpException: "No route found for "GET /fr/"" at /var/www/html/autres/BDTLN/app/cache/prod/classes.php line 2419 {"exception":"[object] (Symfony\\Component\\HttpKernel\\Exception\\NotFoundHttpException(code: 0): No route found for \"GET /fr/\" at /var/www/html/autres/BDTLN/app/cache/prod/classes.php:2419, Symfony\\Component\\Routing\\Exception\\ResourceNotFoundException(code: 0):  at /var/www/html/autres/BDTLN/app/cache/prod/appProdUrlMatcher.php:321)"} []
[2015-04-29 19:51:54] request.ERROR: Uncaught PHP Exception Symfony\Component\HttpKernel\Exception\NotFoundHttpException: "No route found for "GET /fr/"" at /var/www/html/autres/BDTLN/app/cache/prod/classes.php line 2419 {"exception":"[object] (Symfony\\Component\\HttpKernel\\Exception\\NotFoundHttpException(code: 0): No route found for \"GET /fr/\" at /var/www/html/autres/BDTLN/app/cache/prod/classes.php:2419, Symfony\\Component\\Routing\\Exception\\ResourceNotFoundException(code: 0):  at /var/www/html/autres/BDTLN/app/cache/prod/appProdUrlMatcher.php:321)"} []
[2015-04-29 19:52:10] request.ERROR: Uncaught PHP Exception Symfony\Component\HttpKernel\Exception\NotFoundHttpException: "No route found for "GET /fr/"" at /var/www/html/autres/BDTLN/app/cache/prod/classes.php line 2419 {"exception":"[object] (Symfony\\Component\\HttpKernel\\Exception\\NotFoundHttpException(code: 0): No route found for \"GET /fr/\" at /var/www/html/autres/BDTLN/app/cache/prod/classes.php:2419, Symfony\\Component\\Routing\\Exception\\ResourceNotFoundException(code: 0):  at /var/www/html/autres/BDTLN/app/cache/prod/appProdUrlMatcher.php:321)"} []
[2015-05-03 14:32:08] request.INFO: Matched route "homepage" (parameters: "_controller": "AppBundle\Controller\DefaultController::indexAction", "_route": "homepage") [] []
[2015-05-03 14:32:08] security.DEBUG: Read SecurityContext from the session [] []
[2015-05-03 14:32:08] security.DEBUG: Reloading user from user provider. [] []
[2015-05-03 14:32:09] security.DEBUG: Username "admin" was reloaded from user provider. [] []
[2015-05-03 14:32:09] request.CRITICAL: Uncaught PHP Exception InvalidArgumentException: "Unable to find template "default/index.html.twig"." at /var/www/html/autres/BDTLN/vendor/symfony/symfony/src/Symfony/Bridge/Twig/TwigEngine.php line 128 {"exception":"[object] (InvalidArgumentException(code: 0): Unable to find template \"default/index.html.twig\". at /var/www/html/autres/BDTLN/vendor/symfony/symfony/src/Symfony/Bridge/Twig/TwigEngine.php:128, Twig_Error_Loader(code: 0): Unable to find template \"default/index.html.twig\". at /var/www/html/autres/BDTLN/vendor/symfony/symfony/src/Symfony/Bundle/TwigBundle/Loader/FilesystemLoader.php:91, InvalidArgumentException(code: 0): Unable to find template \"default/index.html.twig\" : \"The file \"default/index.html.twig\" does not exist (in: /var/www/html/autres/BDTLN/app/Resources).\". at /var/www/html/autres/BDTLN/vendor/symfony/symfony/src/Symfony/Bundle/FrameworkBundle/Templating/Loader/TemplateLocator.php:81, InvalidArgumentException(code: 0): The file \"default/index.html.twig\" does not exist (in: /var/www/html/autres/BDTLN/app/Resources). at /var/www/html/autres/BDTLN/vendor/symfony/symfony/src/Symfony/Component/Config/FileLocator.php:68)"} []
[2015-05-03 14:32:09] security.DEBUG: Write SecurityContext in the session [] []
[2015-05-03 14:32:34] request.ERROR: Uncaught PHP Exception Symfony\Component\HttpKernel\Exception\NotFoundHttpException: "No route found for "GET /config"" at /var/www/html/autres/BDTLN/vendor/symfony/symfony/src/Symfony/Component/HttpKernel/EventListener/RouterListener.php line 144 {"exception":"[object] (Symfony\\Component\\HttpKernel\\Exception\\NotFoundHttpException(code: 0): No route found for \"GET /config\" at /var/www/html/autres/BDTLN/vendor/symfony/symfony/src/Symfony/Component/HttpKernel/EventListener/RouterListener.php:144, Symfony\\Component\\Routing\\Exception\\ResourceNotFoundException(code: 0):  at /var/www/html/autres/BDTLN/app/cache/prod/appProdUrlMatcher.php:300)"} []
[2015-05-13 13:38:19] request.ERROR: Uncaught PHP Exception Symfony\Component\HttpKernel\Exception\NotFoundHttpException: "No route found for "GET /ckeditor/ckeditor.js" (from "http://localhost/autres/BDTLN/web/app_dev.php/fr/project/add_project")" at /var/www/html/autres/BDTLN/vendor/symfony/symfony/src/Symfony/Component/HttpKernel/EventListener/RouterListener.php line 144 {"exception":"[object] (Symfony\\Component\\HttpKernel\\Exception\\NotFoundHttpException(code: 0): No route found for \"GET /ckeditor/ckeditor.js\" (from \"http://localhost/autres/BDTLN/web/app_dev.php/fr/project/add_project\") at /var/www/html/autres/BDTLN/vendor/symfony/symfony/src/Symfony/Component/HttpKernel/EventListener/RouterListener.php:144, Symfony\\Component\\Routing\\Exception\\ResourceNotFoundException(code: 0):  at /var/www/html/autres/BDTLN/app/cache/prod/appProdUrlMatcher.php:268)"} []
[2015-05-13 13:47:11] request.ERROR: Uncaught PHP Exception Symfony\Component\HttpKernel\Exception\NotFoundHttpException: "No route found for "GET /ckeditor/ckeditor.js" (from "http://localhost/autres/BDTLN/web/app_dev.php/fr/project/add_project")" at /var/www/html/autres/BDTLN/vendor/symfony/symfony/src/Symfony/Component/HttpKernel/EventListener/RouterListener.php line 144 {"exception":"[object] (Symfony\\Component\\HttpKernel\\Exception\\NotFoundHttpException(code: 0): No route found for \"GET /ckeditor/ckeditor.js\" (from \"http://localhost/autres/BDTLN/web/app_dev.php/fr/project/add_project\") at /var/www/html/autres/BDTLN/vendor/symfony/symfony/src/Symfony/Component/HttpKernel/EventListener/RouterListener.php:144, Symfony\\Component\\Routing\\Exception\\ResourceNotFoundException(code: 0):  at /var/www/html/autres/BDTLN/app/cache/prod/appProdUrlMatcher.php:268)"} []
[2015-05-13 13:47:11] request.ERROR: Uncaught PHP Exception Symfony\Component\HttpKernel\Exception\NotFoundHttpException: "No route found for "GET /ckeditor/ckeditor.js" (from "http://localhost/autres/BDTLN/web/app_dev.php/fr/project/add_project")" at /var/www/html/autres/BDTLN/app/cache/prod/classes.php line 2419 {"exception":"[object] (Symfony\\Component\\HttpKernel\\Exception\\NotFoundHttpException(code: 0): No route found for \"GET /ckeditor/ckeditor.js\" (from \"http://localhost/autres/BDTLN/web/app_dev.php/fr/project/add_project\") at /var/www/html/autres/BDTLN/app/cache/prod/classes.php:2419, Symfony\\Component\\Routing\\Exception\\ResourceNotFoundException(code: 0):  at /var/www/html/autres/BDTLN/app/cache/prod/appProdUrlMatcher.php:268)"} []
[2015-05-13 13:47:20] request.ERROR: Uncaught PHP Exception Symfony\Component\HttpKernel\Exception\NotFoundHttpException: "No route found for "GET /ckeditor/ckeditor.js" (from "http://localhost/autres/BDTLN/web/app_dev.php/fr/project/add_project")" at /var/www/html/autres/BDTLN/app/cache/prod/classes.php line 2419 {"exception":"[object] (Symfony\\Component\\HttpKernel\\Exception\\NotFoundHttpException(code: 0): No route found for \"GET /ckeditor/ckeditor.js\" (from \"http://localhost/autres/BDTLN/web/app_dev.php/fr/project/add_project\") at /var/www/html/autres/BDTLN/app/cache/prod/classes.php:2419, Symfony\\Component\\Routing\\Exception\\ResourceNotFoundException(code: 0):  at /var/www/html/autres/BDTLN/app/cache/prod/appProdUrlMatcher.php:268)"} []
[2015-05-15 23:29:36] request.ERROR: Uncaught PHP Exception Symfony\Component\HttpKernel\Exception\NotFoundHttpException: "No route found for "GET /uploads/photos/1431724745" (from "http://localhost/autres/BDTLN/web/app_dev.php/en/profile/edit/admin")" at /var/www/html/autres/BDTLN/vendor/symfony/symfony/src/Symfony/Component/HttpKernel/EventListener/RouterListener.php line 144 {"exception":"[object] (Symfony\\Component\\HttpKernel\\Exception\\NotFoundHttpException(code: 0): No route found for \"GET /uploads/photos/1431724745\" (from \"http://localhost/autres/BDTLN/web/app_dev.php/en/profile/edit/admin\") at /var/www/html/autres/BDTLN/vendor/symfony/symfony/src/Symfony/Component/HttpKernel/EventListener/RouterListener.php:144, Symfony\\Component\\Routing\\Exception\\ResourceNotFoundException(code: 0):  at /var/www/html/autres/BDTLN/app/cache/prod/appProdUrlMatcher.php:284)"} []
[2015-05-15 23:29:51] request.ERROR: Uncaught PHP Exception Symfony\Component\HttpKernel\Exception\NotFoundHttpException: "No route found for "GET /uploads/photos/1431724745" (from "http://localhost/autres/BDTLN/web/app_dev.php/en/profile/edit/admin")" at /var/www/html/autres/BDTLN/vendor/symfony/symfony/src/Symfony/Component/HttpKernel/EventListener/RouterListener.php line 144 {"exception":"[object] (Symfony\\Component\\HttpKernel\\Exception\\NotFoundHttpException(code: 0): No route found for \"GET /uploads/photos/1431724745\" (from \"http://localhost/autres/BDTLN/web/app_dev.php/en/profile/edit/admin\") at /var/www/html/autres/BDTLN/vendor/symfony/symfony/src/Symfony/Component/HttpKernel/EventListener/RouterListener.php:144, Symfony\\Component\\Routing\\Exception\\ResourceNotFoundException(code: 0):  at /var/www/html/autres/BDTLN/app/cache/prod/appProdUrlMatcher.php:284)"} []
[2015-05-15 23:35:54] request.ERROR: Uncaught PHP Exception Symfony\Component\HttpKernel\Exception\NotFoundHttpException: "No route found for "GET /uploads/photos/1431725508" (from "http://localhost/autres/BDTLN/web/app_dev.php/en/profile/edit/admin")" at /var/www/html/autres/BDTLN/app/cache/prod/classes.php line 2419 {"exception":"[object] (Symfony\\Component\\HttpKernel\\Exception\\NotFoundHttpException(code: 0): No route found for \"GET /uploads/photos/1431725508\" (from \"http://localhost/autres/BDTLN/web/app_dev.php/en/profile/edit/admin\") at /var/www/html/autres/BDTLN/app/cache/prod/classes.php:2419, Symfony\\Component\\Routing\\Exception\\ResourceNotFoundException(code: 0):  at /var/www/html/autres/BDTLN/app/cache/prod/appProdUrlMatcher.php:284)"} []
[2015-05-19 19:18:03] request.ERROR: Uncaught PHP Exception Symfony\Component\HttpKernel\Exception\NotFoundHttpException: "No route found for "GET /uploads/photos1431772002" (from "http://localhost/autres/BDTLN/web/app_dev.php/en/user/display_users/")" at /var/www/html/autres/BDTLN/vendor/symfony/symfony/src/Symfony/Component/HttpKernel/EventListener/RouterListener.php line 144 {"exception":"[object] (Symfony\\Component\\HttpKernel\\Exception\\NotFoundHttpException(code: 0): No route found for \"GET /uploads/photos1431772002\" (from \"http://localhost/autres/BDTLN/web/app_dev.php/en/user/display_users/\") at /var/www/html/autres/BDTLN/vendor/symfony/symfony/src/Symfony/Component/HttpKernel/EventListener/RouterListener.php:144, Symfony\\Component\\Routing\\Exception\\ResourceNotFoundException(code: 0):  at /var/www/html/autres/BDTLN/app/cache/prod/appProdUrlMatcher.php:303)"} []
[2015-05-19 19:18:04] request.ERROR: Uncaught PHP Exception Symfony\Component\HttpKernel\Exception\NotFoundHttpException: "No route found for "GET /uploads/photos1431772002" (from "http://localhost/autres/BDTLN/web/app_dev.php/en/user/display_users/")" at /var/www/html/autres/BDTLN/vendor/symfony/symfony/src/Symfony/Component/HttpKernel/EventListener/RouterListener.php line 144 {"exception":"[object] (Symfony\\Component\\HttpKernel\\Exception\\NotFoundHttpException(code: 0): No route found for \"GET /uploads/photos1431772002\" (from \"http://localhost/autres/BDTLN/web/app_dev.php/en/user/display_users/\") at /var/www/html/autres/BDTLN/vendor/symfony/symfony/src/Symfony/Component/HttpKernel/EventListener/RouterListener.php:144, Symfony\\Component\\Routing\\Exception\\ResourceNotFoundException(code: 0):  at /var/www/html/autres/BDTLN/app/cache/prod/appProdUrlMatcher.php:303)"} []
[2015-05-19 19:26:00] request.ERROR: Uncaught PHP Exception Symfony\Component\HttpKernel\Exception\NotFoundHttpException: "No route found for "GET /uploads/photos/1432056355" (from "http://localhost/autres/BDTLN/web/app_dev.php/fr/user/display_users/")" at /var/www/html/autres/BDTLN/app/cache/prod/classes.php line 2419 {"exception":"[object] (Symfony\\Component\\HttpKernel\\Exception\\NotFoundHttpException(code: 0): No route found for \"GET /uploads/photos/1432056355\" (from \"http://localhost/autres/BDTLN/web/app_dev.php/fr/user/display_users/\") at /var/www/html/autres/BDTLN/app/cache/prod/classes.php:2419, Symfony\\Component\\Routing\\Exception\\ResourceNotFoundException(code: 0):  at /var/www/html/autres/BDTLN/app/cache/prod/appProdUrlMatcher.php:303)"} []
[2015-05-19 19:26:13] request.ERROR: Uncaught PHP Exception Symfony\Component\HttpKernel\Exception\NotFoundHttpException: "No route found for "GET /uploads/photos/1432056355"" at /var/www/html/autres/BDTLN/app/cache/prod/classes.php line 2419 {"exception":"[object] (Symfony\\Component\\HttpKernel\\Exception\\NotFoundHttpException(code: 0): No route found for \"GET /uploads/photos/1432056355\" at /var/www/html/autres/BDTLN/app/cache/prod/classes.php:2419, Symfony\\Component\\Routing\\Exception\\ResourceNotFoundException(code: 0):  at /var/www/html/autres/BDTLN/app/cache/prod/appProdUrlMatcher.php:303)"} []
[2015-05-19 19:35:15] request.ERROR: Uncaught PHP Exception Symfony\Component\HttpKernel\Exception\NotFoundHttpException: "No route found for "GET /uploads/photos/1432056912" (from "http://localhost/autres/BDTLN/web/app_dev.php/en/user/display_users/")" at /var/www/html/autres/BDTLN/app/cache/prod/classes.php line 2419 {"exception":"[object] (Symfony\\Component\\HttpKernel\\Exception\\NotFoundHttpException(code: 0): No route found for \"GET /uploads/photos/1432056912\" (from \"http://localhost/autres/BDTLN/web/app_dev.php/en/user/display_users/\") at /var/www/html/autres/BDTLN/app/cache/prod/classes.php:2419, Symfony\\Component\\Routing\\Exception\\ResourceNotFoundException(code: 0):  at /var/www/html/autres/BDTLN/app/cache/prod/appProdUrlMatcher.php:303)"} []
